 PAYOFF TABLE
      100.00      100.00        0.00
      100.00      100.00        0.00
        0.00        0.00      100.00

 Grid points
        0.00        0.00
        1.00        1.00
        2.00        2.00
        3.00        3.00
        4.00        4.00
        5.00        5.00
        6.00        6.00
        7.00        7.00
        8.00        8.00
        9.00        9.00
       10.00       10.00
       11.00       11.00
       12.00       12.00
       13.00       13.00
       14.00       14.00
       15.00       15.00
       16.00       16.00
       17.00       17.00
       18.00       18.00
       19.00       19.00
       20.00       20.00
       21.00       21.00
       22.00       22.00
       23.00       23.00
       24.00       24.00
       25.00       25.00
       26.00       26.00
       27.00       27.00
       28.00       28.00
       29.00       29.00
       30.00       30.00
       31.00       31.00
       32.00       32.00
       33.00       33.00
       34.00       34.00
       35.00       35.00
       36.00       36.00
       37.00       37.00
       38.00       38.00
       39.00       39.00
       40.00       40.00
       41.00       41.00
       42.00       42.00
       43.00       43.00
       44.00       44.00
       45.00       45.00
       46.00       46.00
       47.00       47.00
       48.00       48.00
       49.00       49.00
       50.00       50.00
       51.00       51.00
       52.00       52.00
       53.00       53.00
       54.00       54.00
       55.00       55.00
       56.00       56.00
       57.00       57.00
       58.00       58.00
       59.00       59.00
       60.00       60.00
       61.00       61.00
       62.00       62.00
       63.00       63.00
       64.00       64.00
       65.00       65.00
       66.00       66.00
       67.00       67.00
       68.00       68.00
       69.00       69.00
       70.00       70.00
       71.00       71.00
       72.00       72.00
       73.00       73.00
       74.00       74.00
       75.00       75.00
       76.00       76.00
       77.00       77.00
       78.00       78.00
       79.00       79.00
       80.00       80.00
       81.00       81.00
       82.00       82.00
       83.00       83.00
       84.00       84.00
       85.00       85.00
       86.00       86.00
       87.00       87.00
       88.00       88.00
       89.00       89.00
       90.00       90.00
       91.00       91.00
       92.00       92.00
       93.00       93.00
       94.00       94.00
       95.00       95.00
       96.00       96.00
       97.00       97.00
       98.00       98.00
       99.00       99.00
      100.00      100.00

Efficient solutions
                            1      100.00      100.00        0.00 ***       100.00     0        0.00     0 ***      101       1 *   101    1   jump
  1.00101.00  1.00  1.00    2      100.00      100.00        0.00 ***         0.00   100        0.00     0 ***  *     1    1
  2.00101.00  2.00  1.00    3       65.00       50.00       48.00 ***        50.00     0       47.00     1 ***  *    51    1   jump
  1.00101.00  1.00  1.00    4  infeasible
  2.00101.00  2.00  1.00    5       65.00       50.00       48.00 ***        50.00     0       46.00     2 ***  *    51    1   jump
  1.00101.00  1.00  1.00    6  infeasible
  2.00101.00  2.00  1.00    7       65.00       50.00       48.00 ***        50.00     0       45.00     3 ***  *    51    1   jump
  1.00101.00  1.00  1.00    8  infeasible
  2.00101.00  2.00  1.00    9       65.00       50.00       48.00 ***        50.00     0       44.00     4 ***  *    51    1   jump
  1.00101.00  1.00  1.00   10  infeasible
  2.00101.00  2.00  1.00   11       65.00       50.00       48.00 ***        50.00     0       43.00     5 ***  *    51    1   jump
  1.00101.00  1.00  1.00   12  infeasible
  2.00101.00  2.00  1.00   13       65.00       50.00       48.00 ***        50.00     0       42.00     6 ***  *    51    1   jump
  1.00101.00  1.00  1.00   14  infeasible
  2.00101.00  2.00  1.00   15       65.00       50.00       48.00 ***        50.00     0       41.00     7 ***  *    51    1   jump
  1.00101.00  1.00  1.00   16  infeasible
  2.00101.00  2.00  1.00   17       65.00       50.00       48.00 ***        50.00     0       40.00     8 ***  *    51    1   jump
  1.00101.00  1.00  1.00   18  infeasible
  2.00101.00  2.00  1.00   19       65.00       50.00       48.00 ***        50.00     0       39.00     9 ***  *    51    1   jump
  1.00101.00  1.00  1.00   20  infeasible
  2.00101.00  2.00  1.00   21       65.00       50.00       48.00 ***        50.00     0       38.00    10 ***  *    51    1   jump
  1.00101.00  1.00  1.00   22  infeasible
  2.00101.00  2.00  1.00   23       65.00       50.00       48.00 ***        50.00     0       37.00    11 ***  *    51    1   jump
  1.00101.00  1.00  1.00   24  infeasible
  2.00101.00  2.00  1.00   25       65.00       50.00       48.00 ***        50.00     0       36.00    12 ***  *    51    1   jump
  1.00101.00  1.00  1.00   26  infeasible
  2.00101.00  2.00  1.00   27       65.00       50.00       48.00 ***        50.00     0       35.00    13 ***  *    51    1   jump
  1.00101.00  1.00  1.00   28  infeasible
  2.00101.00  2.00  1.00   29       65.00       50.00       48.00 ***        50.00     0       34.00    14 ***  *    51    1   jump
  1.00101.00  1.00  1.00   30  infeasible
  2.00101.00  2.00  1.00   31       65.00       50.00       48.00 ***        50.00     0       33.00    15 ***  *    51    1   jump
  1.00101.00  1.00  1.00   32  infeasible
  2.00101.00  2.00  1.00   33       65.00       50.00       48.00 ***        50.00     0       32.00    16 ***  *    51    1   jump
  1.00101.00  1.00  1.00   34  infeasible
  2.00101.00  2.00  1.00   35       65.00       50.00       48.00 ***        50.00     0       31.00    17 ***  *    51    1   jump
  1.00101.00  1.00  1.00   36  infeasible
  2.00101.00  2.00  1.00   37       65.00       50.00       48.00 ***        50.00     0       30.00    18 ***  *    51    1   jump
  1.00101.00  1.00  1.00   38  infeasible
  2.00101.00  2.00  1.00   39       65.00       50.00       48.00 ***        50.00     0       29.00    19 ***  *    51    1   jump
  1.00101.00  1.00  1.00   40  infeasible
  2.00101.00  2.00  1.00   41       65.00       50.00       48.00 ***        50.00     0       28.00    20 ***  *    51    1   jump
  1.00101.00  1.00  1.00   42  infeasible
  2.00101.00  2.00  1.00   43       65.00       50.00       48.00 ***        50.00     0       27.00    21 ***  *    51    1   jump
  1.00101.00  1.00  1.00   44  infeasible
  2.00101.00  2.00  1.00   45       65.00       50.00       48.00 ***        50.00     0       26.00    22 ***  *    51    1   jump
  1.00101.00  1.00  1.00   46  infeasible
  2.00101.00  2.00  1.00   47       65.00       50.00       48.00 ***        50.00     0       25.00    23 ***  *    51    1   jump
  1.00101.00  1.00  1.00   48  infeasible
  2.00101.00  2.00  1.00   49       65.00       50.00       48.00 ***        50.00     0       24.00    24 ***  *    51    1   jump
  1.00101.00  1.00  1.00   50  infeasible
  2.00101.00  2.00  1.00   51       65.00       50.00       48.00 ***        50.00     0       23.00    25 ***  *    51    1   jump
  1.00101.00  1.00  1.00   52  infeasible
  2.00101.00  2.00  1.00   53       65.00       50.00       48.00 ***        50.00     0       22.00    26 ***  *    51    1   jump
  1.00101.00  1.00  1.00   54  infeasible
  2.00101.00  2.00  1.00   55       65.00       50.00       48.00 ***        50.00     0       21.00    27 ***  *    51    1   jump
  1.00101.00  1.00  1.00   56  infeasible
  2.00101.00  2.00  1.00   57       65.00       50.00       48.00 ***        50.00     0       20.00    28 ***  *    51    1   jump
  1.00101.00  1.00  1.00   58  infeasible
  2.00101.00  2.00  1.00   59       65.00       50.00       48.00 ***        50.00     0       19.00    29 ***  *    51    1   jump
  1.00101.00  1.00  1.00   60  infeasible
  2.00101.00  2.00  1.00   61       65.00       50.00       48.00 ***        50.00     0       18.00    30 ***  *    51    1   jump
  1.00101.00  1.00  1.00   62  infeasible
  2.00101.00  2.00  1.00   63       65.00       50.00       48.00 ***        50.00     0       17.00    31 ***  *    51    1   jump
  1.00101.00  1.00  1.00   64  infeasible
  2.00101.00  2.00  1.00   65       65.00       50.00       48.00 ***        50.00     0       16.00    32 ***  *    51    1   jump
  1.00101.00  1.00  1.00   66  infeasible
  2.00101.00  2.00  1.00   67       65.00       50.00       48.00 ***        50.00     0       15.00    33 ***  *    51    1   jump
  1.00101.00  1.00  1.00   68  infeasible
  2.00101.00  2.00  1.00   69       65.00       50.00       48.00 ***        50.00     0       14.00    34 ***  *    51    1   jump
  1.00101.00  1.00  1.00   70  infeasible
  2.00101.00  2.00  1.00   71       65.00       50.00       48.00 ***        50.00     0       13.00    35 ***  *    51    1   jump
  1.00101.00  1.00  1.00   72  infeasible
  2.00101.00  2.00  1.00   73       65.00       50.00       48.00 ***        50.00     0       12.00    36 ***  *    51    1   jump
  1.00101.00  1.00  1.00   74  infeasible
  2.00101.00  2.00  1.00   75       65.00       50.00       48.00 ***        50.00     0       11.00    37 ***  *    51    1   jump
  1.00101.00  1.00  1.00   76  infeasible
  2.00101.00  2.00  1.00   77       65.00       50.00       48.00 ***        50.00     0       10.00    38 ***  *    51    1   jump
  1.00101.00  1.00  1.00   78  infeasible
  2.00101.00  2.00  1.00   79       65.00       50.00       48.00 ***        50.00     0        9.00    39 ***  *    51    1   jump
  1.00101.00  1.00  1.00   80  infeasible
  2.00101.00  2.00  1.00   81       65.00       50.00       48.00 ***        50.00     0        8.00    40 ***  *    51    1   jump
  1.00101.00  1.00  1.00   82  infeasible
  2.00101.00  2.00  1.00   83       65.00       50.00       48.00 ***        50.00     0        7.00    41 ***  *    51    1   jump
  1.00101.00  1.00  1.00   84  infeasible
  2.00101.00  2.00  1.00   85       65.00       50.00       48.00 ***        50.00     0        6.00    42 ***  *    51    1   jump
  1.00101.00  1.00  1.00   86  infeasible
  2.00101.00  2.00  1.00   87       65.00       50.00       48.00 ***        50.00     0        5.00    43 ***  *    51    1   jump
  1.00101.00  1.00  1.00   88  infeasible
  2.00101.00  2.00  1.00   89       65.00       50.00       48.00 ***        50.00     0        4.00    44 ***  *    51    1   jump
  1.00101.00  1.00  1.00   90  infeasible
  2.00101.00  2.00  1.00   91       65.00       50.00       48.00 ***        50.00     0        3.00    45 ***  *    51    1   jump
  1.00101.00  1.00  1.00   92  infeasible
  2.00101.00  2.00  1.00   93       65.00       50.00       48.00 ***        50.00     0        2.00    46 ***  *    51    1   jump
  1.00101.00  1.00  1.00   94  infeasible
  2.00101.00  2.00  1.00   95       65.00       50.00       48.00 ***        50.00     0        1.00    47 ***  *    51    1   jump
  1.00101.00  1.00  1.00   96  infeasible
  2.00101.00  2.00  1.00   97       65.00       50.00       48.00 ***        50.00     0        0.00    48 ***  *    51    1   jump
  1.00101.00  1.00  1.00   98  infeasible
  2.00101.00  2.00  1.00   99        0.00        0.00      100.00 ***         0.00     0       51.00    49 ***  *     1    1
  1.00101.00  1.00  1.00  100  infeasible
  2.00101.00  2.00  1.00  101        0.00        0.00      100.00 ***         0.00     0       50.00    50 ***  *     1    1
  1.00101.00  1.00  1.00  102  infeasible
  2.00101.00  2.00  1.00  103        0.00        0.00      100.00 ***         0.00     0       49.00    51 ***  *     1    1
  1.00101.00  1.00  1.00  104  infeasible
  2.00101.00  2.00  1.00  105        0.00        0.00      100.00 ***         0.00     0       48.00    52 ***  *     1    1
  1.00101.00  1.00  1.00  106  infeasible
  2.00101.00  2.00  1.00  107        0.00        0.00      100.00 ***         0.00     0       47.00    53 ***  *     1    1
  1.00101.00  1.00  1.00  108  infeasible
  2.00101.00  2.00  1.00  109        0.00        0.00      100.00 ***         0.00     0       46.00    54 ***  *     1    1
  1.00101.00  1.00  1.00  110  infeasible
  2.00101.00  2.00  1.00  111        0.00        0.00      100.00 ***         0.00     0       45.00    55 ***  *     1    1
  1.00101.00  1.00  1.00  112  infeasible
  2.00101.00  2.00  1.00  113        0.00        0.00      100.00 ***         0.00     0       44.00    56 ***  *     1    1
  1.00101.00  1.00  1.00  114  infeasible
  2.00101.00  2.00  1.00  115        0.00        0.00      100.00 ***         0.00     0       43.00    57 ***  *     1    1
  1.00101.00  1.00  1.00  116  infeasible
  2.00101.00  2.00  1.00  117        0.00        0.00      100.00 ***         0.00     0       42.00    58 ***  *     1    1
  1.00101.00  1.00  1.00  118  infeasible
  2.00101.00  2.00  1.00  119        0.00        0.00      100.00 ***         0.00     0       41.00    59 ***  *     1    1
  1.00101.00  1.00  1.00  120  infeasible
  2.00101.00  2.00  1.00  121        0.00        0.00      100.00 ***         0.00     0       40.00    60 ***  *     1    1
  1.00101.00  1.00  1.00  122  infeasible
  2.00101.00  2.00  1.00  123        0.00        0.00      100.00 ***         0.00     0       39.00    61 ***  *     1    1
  1.00101.00  1.00  1.00  124  infeasible
  2.00101.00  2.00  1.00  125        0.00        0.00      100.00 ***         0.00     0       38.00    62 ***  *     1    1
  1.00101.00  1.00  1.00  126  infeasible
  2.00101.00  2.00  1.00  127        0.00        0.00      100.00 ***         0.00     0       37.00    63 ***  *     1    1
  1.00101.00  1.00  1.00  128  infeasible
  2.00101.00  2.00  1.00  129        0.00        0.00      100.00 ***         0.00     0       36.00    64 ***  *     1    1
  1.00101.00  1.00  1.00  130  infeasible
  2.00101.00  2.00  1.00  131        0.00        0.00      100.00 ***         0.00     0       35.00    65 ***  *     1    1
  1.00101.00  1.00  1.00  132  infeasible
  2.00101.00  2.00  1.00  133        0.00        0.00      100.00 ***         0.00     0       34.00    66 ***  *     1    1
  1.00101.00  1.00  1.00  134  infeasible
  2.00101.00  2.00  1.00  135        0.00        0.00      100.00 ***         0.00     0       33.00    67 ***  *     1    1
  1.00101.00  1.00  1.00  136  infeasible
  2.00101.00  2.00  1.00  137        0.00        0.00      100.00 ***         0.00     0       32.00    68 ***  *     1    1
  1.00101.00  1.00  1.00  138  infeasible
  2.00101.00  2.00  1.00  139        0.00        0.00      100.00 ***         0.00     0       31.00    69 ***  *     1    1
  1.00101.00  1.00  1.00  140  infeasible
  2.00101.00  2.00  1.00  141        0.00        0.00      100.00 ***         0.00     0       30.00    70 ***  *     1    1
  1.00101.00  1.00  1.00  142  infeasible
  2.00101.00  2.00  1.00  143        0.00        0.00      100.00 ***         0.00     0       29.00    71 ***  *     1    1
  1.00101.00  1.00  1.00  144  infeasible
  2.00101.00  2.00  1.00  145        0.00        0.00      100.00 ***         0.00     0       28.00    72 ***  *     1    1
  1.00101.00  1.00  1.00  146  infeasible
  2.00101.00  2.00  1.00  147        0.00        0.00      100.00 ***         0.00     0       27.00    73 ***  *     1    1
  1.00101.00  1.00  1.00  148  infeasible
  2.00101.00  2.00  1.00  149        0.00        0.00      100.00 ***         0.00     0       26.00    74 ***  *     1    1
  1.00101.00  1.00  1.00  150  infeasible
  2.00101.00  2.00  1.00  151        0.00        0.00      100.00 ***         0.00     0       25.00    75 ***  *     1    1
  1.00101.00  1.00  1.00  152  infeasible
  2.00101.00  2.00  1.00  153        0.00        0.00      100.00 ***         0.00     0       24.00    76 ***  *     1    1
  1.00101.00  1.00  1.00  154  infeasible
  2.00101.00  2.00  1.00  155        0.00        0.00      100.00 ***         0.00     0       23.00    77 ***  *     1    1
  1.00101.00  1.00  1.00  156  infeasible
  2.00101.00  2.00  1.00  157        0.00        0.00      100.00 ***         0.00     0       22.00    78 ***  *     1    1
  1.00101.00  1.00  1.00  158  infeasible
  2.00101.00  2.00  1.00  159        0.00        0.00      100.00 ***         0.00     0       21.00    79 ***  *     1    1
  1.00101.00  1.00  1.00  160  infeasible
  2.00101.00  2.00  1.00  161        0.00        0.00      100.00 ***         0.00     0       20.00    80 ***  *     1    1
  1.00101.00  1.00  1.00  162  infeasible
  2.00101.00  2.00  1.00  163        0.00        0.00      100.00 ***         0.00     0       19.00    81 ***  *     1    1
  1.00101.00  1.00  1.00  164  infeasible
  2.00101.00  2.00  1.00  165        0.00        0.00      100.00 ***         0.00     0       18.00    82 ***  *     1    1
  1.00101.00  1.00  1.00  166  infeasible
  2.00101.00  2.00  1.00  167        0.00        0.00      100.00 ***         0.00     0       17.00    83 ***  *     1    1
  1.00101.00  1.00  1.00  168  infeasible
  2.00101.00  2.00  1.00  169        0.00        0.00      100.00 ***         0.00     0       16.00    84 ***  *     1    1
  1.00101.00  1.00  1.00  170  infeasible
  2.00101.00  2.00  1.00  171        0.00        0.00      100.00 ***         0.00     0       15.00    85 ***  *     1    1
  1.00101.00  1.00  1.00  172  infeasible
  2.00101.00  2.00  1.00  173        0.00        0.00      100.00 ***         0.00     0       14.00    86 ***  *     1    1
  1.00101.00  1.00  1.00  174  infeasible
  2.00101.00  2.00  1.00  175        0.00        0.00      100.00 ***         0.00     0       13.00    87 ***  *     1    1
  1.00101.00  1.00  1.00  176  infeasible
  2.00101.00  2.00  1.00  177        0.00        0.00      100.00 ***         0.00     0       12.00    88 ***  *     1    1
  1.00101.00  1.00  1.00  178  infeasible
  2.00101.00  2.00  1.00  179        0.00        0.00      100.00 ***         0.00     0       11.00    89 ***  *     1    1
  1.00101.00  1.00  1.00  180  infeasible
  2.00101.00  2.00  1.00  181        0.00        0.00      100.00 ***         0.00     0       10.00    90 ***  *     1    1
  1.00101.00  1.00  1.00  182  infeasible
  2.00101.00  2.00  1.00  183        0.00        0.00      100.00 ***         0.00     0        9.00    91 ***  *     1    1
  1.00101.00  1.00  1.00  184  infeasible
  2.00101.00  2.00  1.00  185        0.00        0.00      100.00 ***         0.00     0        8.00    92 ***  *     1    1
  1.00101.00  1.00  1.00  186  infeasible
  2.00101.00  2.00  1.00  187        0.00        0.00      100.00 ***         0.00     0        7.00    93 ***  *     1    1
  1.00101.00  1.00  1.00  188  infeasible
  2.00101.00  2.00  1.00  189        0.00        0.00      100.00 ***         0.00     0        6.00    94 ***  *     1    1
  1.00101.00  1.00  1.00  190  infeasible
  2.00101.00  2.00  1.00  191        0.00        0.00      100.00 ***         0.00     0        5.00    95 ***  *     1    1
  1.00101.00  1.00  1.00  192  infeasible
  2.00101.00  2.00  1.00  193        0.00        0.00      100.00 ***         0.00     0        4.00    96 ***  *     1    1
  1.00101.00  1.00  1.00  194  infeasible
  2.00101.00  2.00  1.00  195        0.00        0.00      100.00 ***         0.00     0        3.00    97 ***  *     1    1
  1.00101.00  1.00  1.00  196  infeasible
  2.00101.00  2.00  1.00  197        0.00        0.00      100.00 ***         0.00     0        2.00    98 ***  *     1    1
  1.00101.00  1.00  1.00  198  infeasible
  2.00101.00  2.00  1.00  199        0.00        0.00      100.00 ***         0.00     0        1.00    99 ***  *     1    1
  1.00101.00  1.00  1.00  200  infeasible
  2.00101.00  2.00  1.00  201        0.00        0.00      100.00 ***         0.00     0        0.00   100 ***  *     1    1
  1.00101.00  1.00  1.00  202  infeasible
  0.00101.00  0.00  1.00
Infeasibilities =   100
Elapsed time:      16.46 seconds
