 PAYOFF TABLE
      100.00      100.00       36.00
      100.00      100.00       36.00
       70.00       93.00      100.00

 Grid points
        0.00        0.00
        1.00        1.00
        2.00        2.00
        3.00        3.00
        4.00        4.00
        5.00        5.00
        6.00        6.00
        7.00        7.00
        8.00        8.00
        9.00        9.00
       10.00       10.00
       11.00       11.00
       12.00       12.00
       13.00       13.00
       14.00       14.00
       15.00       15.00
       16.00       16.00
       17.00       17.00
       18.00       18.00
       19.00       19.00
       20.00       20.00
       21.00       21.00
       22.00       22.00
       23.00       23.00
       24.00       24.00
       25.00       25.00
       26.00       26.00
       27.00       27.00
       28.00       28.00
       29.00       29.00
       30.00       30.00
       31.00       31.00
       32.00       32.00
       33.00       33.00
       34.00       34.00
       35.00       35.00
       36.00       36.00
       37.00       37.00
       38.00       38.00
       39.00       39.00
       40.00       40.00
       41.00       41.00
       42.00       42.00
       43.00       43.00
       44.00       44.00
       45.00       45.00
       46.00       46.00
       47.00       47.00
       48.00       48.00
       49.00       49.00
       50.00       50.00
       51.00       51.00
       52.00       52.00
       53.00       53.00
       54.00       54.00
       55.00       55.00
       56.00       56.00
       57.00       57.00
       58.00       58.00
       59.00       59.00
       60.00       60.00
       61.00       61.00
       62.00       62.00
       63.00       63.00
       64.00       64.00
       65.00       65.00
       66.00       66.00
       67.00       67.00
       68.00       68.00
       69.00       69.00
       70.00       70.00
       71.00       71.00
       72.00       72.00
       73.00       73.00
       74.00       74.00
       75.00       75.00
       76.00       76.00
       77.00       77.00
       78.00       78.00
       79.00       79.00
       80.00       80.00
       81.00       81.00
       82.00       82.00
       83.00       83.00
       84.00       84.00
       85.00       85.00
       86.00       86.00
       87.00       87.00
       88.00       88.00
       89.00       89.00
       90.00       90.00
       91.00       91.00
       92.00       92.00
       93.00       93.00
       94.00       94.00
       95.00       95.00
       96.00       96.00
       97.00       97.00
       98.00       98.00
       99.00       99.00
      100.00      100.00

Efficient solutions
                            1      100.00      100.00       36.00 ***       100.00     0       36.00     0 ***      101      37 *   101    1   jump
  1.00101.00  1.00 37.00    2      100.00      100.00       36.00 ***         0.00   100       36.00     0 ***  *     1    1
  2.00101.00  2.00 37.00    3      100.00      100.00       36.00 ***       100.00   101       35.00     1 ***  *   101    1   jump
  2.00101.00  2.00 37.00    4      100.00      100.00       36.00 ***       100.00   101       34.00     2 ***  *   101    1   jump
  2.00101.00  2.00 37.00    5      100.00      100.00       36.00 ***       100.00   101       33.00     3 ***  *   101    1   jump
  2.00101.00  2.00 37.00    6      100.00      100.00       36.00 ***       100.00   101       32.00     4 ***  *   101    1   jump
  2.00101.00  2.00 37.00    7      100.00      100.00       36.00 ***       100.00   101       31.00     5 ***  *   101    1   jump
  2.00101.00  2.00 37.00    8      100.00      100.00       36.00 ***       100.00   101       30.00     6 ***  *   101    1   jump
  2.00101.00  2.00 37.00    9      100.00      100.00       36.00 ***       100.00   101       29.00     7 ***  *   101    1   jump
  2.00101.00  2.00 37.00   10      100.00      100.00       36.00 ***       100.00   101       28.00     8 ***  *   101    1   jump
  2.00101.00  2.00 37.00   11      100.00      100.00       36.00 ***       100.00   101       27.00     9 ***  *   101    1   jump
  2.00101.00  2.00 37.00   12      100.00      100.00       36.00 ***       100.00   101       26.00    10 ***  *   101    1   jump
  2.00101.00  2.00 37.00   13      100.00      100.00       36.00 ***       100.00   101       25.00    11 ***  *   101    1   jump
  2.00101.00  2.00 37.00   14      100.00      100.00       36.00 ***       100.00   101       24.00    12 ***  *   101    1   jump
  2.00101.00  2.00 37.00   15      100.00      100.00       36.00 ***       100.00   101       23.00    13 ***  *   101    1   jump
  2.00101.00  2.00 37.00   16      100.00      100.00       36.00 ***       100.00   101       22.00    14 ***  *   101    1   jump
  2.00101.00  2.00 37.00   17      100.00      100.00       36.00 ***       100.00   101       21.00    15 ***  *   101    1   jump
  2.00101.00  2.00 37.00   18      100.00      100.00       36.00 ***       100.00   101       20.00    16 ***  *   101    1   jump
  2.00101.00  2.00 37.00   19      100.00      100.00       36.00 ***       100.00   101       19.00    17 ***  *   101    1   jump
  2.00101.00  2.00 37.00   20      100.00      100.00       36.00 ***       100.00   101       18.00    18 ***  *   101    1   jump
  2.00101.00  2.00 37.00   21      100.00      100.00       36.00 ***       100.00   101       17.00    19 ***  *   101    1   jump
  2.00101.00  2.00 37.00   22      100.00      100.00       36.00 ***       100.00   101       16.00    20 ***  *   101    1   jump
  2.00101.00  2.00 37.00   23      100.00      100.00       36.00 ***       100.00   101       15.00    21 ***  *   101    1   jump
  2.00101.00  2.00 37.00   24      100.00      100.00       36.00 ***       100.00   101       14.00    22 ***  *   101    1   jump
  2.00101.00  2.00 37.00   25      100.00      100.00       36.00 ***       100.00   101       13.00    23 ***  *   101    1   jump
  2.00101.00  2.00 37.00   26      100.00      100.00       36.00 ***       100.00   101       12.00    24 ***  *   101    1   jump
  2.00101.00  2.00 37.00   27      100.00      100.00       36.00 ***       100.00   101       11.00    25 ***  *   101    1   jump
  2.00101.00  2.00 37.00   28      100.00      100.00       36.00 ***       100.00   101       10.00    26 ***  *   101    1   jump
  2.00101.00  2.00 37.00   29      100.00      100.00       36.00 ***       100.00   101        9.00    27 ***  *   101    1   jump
  2.00101.00  2.00 37.00   30      100.00      100.00       36.00 ***       100.00   101        8.00    28 ***  *   101    1   jump
  2.00101.00  2.00 37.00   31      100.00      100.00       36.00 ***       100.00   101        7.00    29 ***  *   101    1   jump
  2.00101.00  2.00 37.00   32      100.00      100.00       36.00 ***       100.00   101        6.00    30 ***  *   101    1   jump
  2.00101.00  2.00 37.00   33      100.00      100.00       36.00 ***       100.00   101        5.00    31 ***  *   101    1   jump
  2.00101.00  2.00 37.00   34      100.00      100.00       36.00 ***       100.00   101        4.00    32 ***  *   101    1   jump
  2.00101.00  2.00 37.00   35      100.00      100.00       36.00 ***       100.00   101        3.00    33 ***  *   101    1   jump
  2.00101.00  2.00 37.00   36      100.00      100.00       36.00 ***       100.00   101        2.00    34 ***  *   101    1   jump
  2.00101.00  2.00 37.00   37      100.00      100.00       36.00 ***       100.00   101        1.00    35 ***  *   101    1   jump
  2.00101.00  2.00 37.00   38      100.00      100.00       36.00 ***       100.00   101        0.00    36 ***  *   101    1   jump
  2.00101.00  2.00 37.00   39       70.00       93.00      100.00 ***        93.00     0       63.00    37 ***  *    94    1   jump
  1.00101.00  1.00 37.00   40  infeasible
  2.00101.00  2.00 37.00   41       70.00       93.00      100.00 ***        93.00     0       62.00    38 ***  *    94    1   jump
  1.00101.00  1.00 37.00   42  infeasible
  2.00101.00  2.00 37.00   43       70.00       93.00      100.00 ***        93.00     0       61.00    39 ***  *    94    1   jump
  1.00101.00  1.00 37.00   44  infeasible
  2.00101.00  2.00 37.00   45       70.00       93.00      100.00 ***        93.00     0       60.00    40 ***  *    94    1   jump
  1.00101.00  1.00 37.00   46  infeasible
  2.00101.00  2.00 37.00   47       70.00       93.00      100.00 ***        93.00     0       59.00    41 ***  *    94    1   jump
  1.00101.00  1.00 37.00   48  infeasible
  2.00101.00  2.00 37.00   49       70.00       93.00      100.00 ***        93.00     0       58.00    42 ***  *    94    1   jump
  1.00101.00  1.00 37.00   50  infeasible
  2.00101.00  2.00 37.00   51       70.00       93.00      100.00 ***        93.00     0       57.00    43 ***  *    94    1   jump
  1.00101.00  1.00 37.00   52  infeasible
  2.00101.00  2.00 37.00   53       70.00       93.00      100.00 ***        93.00     0       56.00    44 ***  *    94    1   jump
  1.00101.00  1.00 37.00   54  infeasible
  2.00101.00  2.00 37.00   55       70.00       93.00      100.00 ***        93.00     0       55.00    45 ***  *    94    1   jump
  1.00101.00  1.00 37.00   56  infeasible
  2.00101.00  2.00 37.00   57       70.00       93.00      100.00 ***        93.00     0       54.00    46 ***  *    94    1   jump
  1.00101.00  1.00 37.00   58  infeasible
  2.00101.00  2.00 37.00   59       70.00       93.00      100.00 ***        93.00     0       53.00    47 ***  *    94    1   jump
  1.00101.00  1.00 37.00   60  infeasible
  2.00101.00  2.00 37.00   61       70.00       93.00      100.00 ***        93.00     0       52.00    48 ***  *    94    1   jump
  1.00101.00  1.00 37.00   62  infeasible
  2.00101.00  2.00 37.00   63       70.00       93.00      100.00 ***        93.00     0       51.00    49 ***  *    94    1   jump
  1.00101.00  1.00 37.00   64  infeasible
  2.00101.00  2.00 37.00   65       70.00       93.00      100.00 ***        93.00     0       50.00    50 ***  *    94    1   jump
  1.00101.00  1.00 37.00   66  infeasible
  2.00101.00  2.00 37.00   67       70.00       93.00      100.00 ***        93.00     0       49.00    51 ***  *    94    1   jump
  1.00101.00  1.00 37.00   68  infeasible
  2.00101.00  2.00 37.00   69       70.00       93.00      100.00 ***        93.00     0       48.00    52 ***  *    94    1   jump
  1.00101.00  1.00 37.00   70  infeasible
  2.00101.00  2.00 37.00   71       70.00       93.00      100.00 ***        93.00     0       47.00    53 ***  *    94    1   jump
  1.00101.00  1.00 37.00   72  infeasible
  2.00101.00  2.00 37.00   73       70.00       93.00      100.00 ***        93.00     0       46.00    54 ***  *    94    1   jump
  1.00101.00  1.00 37.00   74  infeasible
  2.00101.00  2.00 37.00   75       70.00       93.00      100.00 ***        93.00     0       45.00    55 ***  *    94    1   jump
  1.00101.00  1.00 37.00   76  infeasible
  2.00101.00  2.00 37.00   77       70.00       93.00      100.00 ***        93.00     0       44.00    56 ***  *    94    1   jump
  1.00101.00  1.00 37.00   78  infeasible
  2.00101.00  2.00 37.00   79       70.00       93.00      100.00 ***        93.00     0       43.00    57 ***  *    94    1   jump
  1.00101.00  1.00 37.00   80  infeasible
  2.00101.00  2.00 37.00   81       70.00       93.00      100.00 ***        93.00     0       42.00    58 ***  *    94    1   jump
  1.00101.00  1.00 37.00   82  infeasible
  2.00101.00  2.00 37.00   83       70.00       93.00      100.00 ***        93.00     0       41.00    59 ***  *    94    1   jump
  1.00101.00  1.00 37.00   84  infeasible
  2.00101.00  2.00 37.00   85       70.00       93.00      100.00 ***        93.00     0       40.00    60 ***  *    94    1   jump
  1.00101.00  1.00 37.00   86  infeasible
  2.00101.00  2.00 37.00   87       70.00       93.00      100.00 ***        93.00     0       39.00    61 ***  *    94    1   jump
  1.00101.00  1.00 37.00   88  infeasible
  2.00101.00  2.00 37.00   89       70.00       93.00      100.00 ***        93.00     0       38.00    62 ***  *    94    1   jump
  1.00101.00  1.00 37.00   90  infeasible
  2.00101.00  2.00 37.00   91       70.00       93.00      100.00 ***        93.00     0       37.00    63 ***  *    94    1   jump
  1.00101.00  1.00 37.00   92  infeasible
  2.00101.00  2.00 37.00   93       70.00       93.00      100.00 ***        93.00     0       36.00    64 ***  *    94    1   jump
  1.00101.00  1.00 37.00   94  infeasible
  2.00101.00  2.00 37.00   95       70.00       93.00      100.00 ***        93.00     0       35.00    65 ***  *    94    1   jump
  1.00101.00  1.00 37.00   96  infeasible
  2.00101.00  2.00 37.00   97       70.00       93.00      100.00 ***        93.00     0       34.00    66 ***  *    94    1   jump
  1.00101.00  1.00 37.00   98  infeasible
  2.00101.00  2.00 37.00   99       70.00       93.00      100.00 ***        93.00     0       33.00    67 ***  *    94    1   jump
  1.00101.00  1.00 37.00  100  infeasible
  2.00101.00  2.00 37.00  101       70.00       93.00      100.00 ***        93.00     0       32.00    68 ***  *    94    1   jump
  1.00101.00  1.00 37.00  102  infeasible
  2.00101.00  2.00 37.00  103       70.00       93.00      100.00 ***        93.00     0       31.00    69 ***  *    94    1   jump
  1.00101.00  1.00 37.00  104  infeasible
  2.00101.00  2.00 37.00  105       70.00       93.00      100.00 ***        93.00     0       30.00    70 ***  *    94    1   jump
  1.00101.00  1.00 37.00  106  infeasible
  2.00101.00  2.00 37.00  107       70.00       93.00      100.00 ***        93.00     0       29.00    71 ***  *    94    1   jump
  1.00101.00  1.00 37.00  108  infeasible
  2.00101.00  2.00 37.00  109       70.00       93.00      100.00 ***        93.00     0       28.00    72 ***  *    94    1   jump
  1.00101.00  1.00 37.00  110  infeasible
  2.00101.00  2.00 37.00  111       70.00       93.00      100.00 ***        93.00     0       27.00    73 ***  *    94    1   jump
  1.00101.00  1.00 37.00  112  infeasible
  2.00101.00  2.00 37.00  113       70.00       93.00      100.00 ***        93.00     0       26.00    74 ***  *    94    1   jump
  1.00101.00  1.00 37.00  114  infeasible
  2.00101.00  2.00 37.00  115       70.00       93.00      100.00 ***        93.00     0       25.00    75 ***  *    94    1   jump
  1.00101.00  1.00 37.00  116  infeasible
  2.00101.00  2.00 37.00  117       70.00       93.00      100.00 ***        93.00     0       24.00    76 ***  *    94    1   jump
  1.00101.00  1.00 37.00  118  infeasible
  2.00101.00  2.00 37.00  119       70.00       93.00      100.00 ***        93.00     0       23.00    77 ***  *    94    1   jump
  1.00101.00  1.00 37.00  120  infeasible
  2.00101.00  2.00 37.00  121       70.00       93.00      100.00 ***        93.00     0       22.00    78 ***  *    94    1   jump
  1.00101.00  1.00 37.00  122  infeasible
  2.00101.00  2.00 37.00  123       70.00       93.00      100.00 ***        93.00     0       21.00    79 ***  *    94    1   jump
  1.00101.00  1.00 37.00  124  infeasible
  2.00101.00  2.00 37.00  125       70.00       93.00      100.00 ***        93.00     0       20.00    80 ***  *    94    1   jump
  1.00101.00  1.00 37.00  126  infeasible
  2.00101.00  2.00 37.00  127       70.00       93.00      100.00 ***        93.00     0       19.00    81 ***  *    94    1   jump
  1.00101.00  1.00 37.00  128  infeasible
  2.00101.00  2.00 37.00  129       70.00       93.00      100.00 ***        93.00     0       18.00    82 ***  *    94    1   jump
  1.00101.00  1.00 37.00  130  infeasible
  2.00101.00  2.00 37.00  131       70.00       93.00      100.00 ***        93.00     0       17.00    83 ***  *    94    1   jump
  1.00101.00  1.00 37.00  132  infeasible
  2.00101.00  2.00 37.00  133       70.00       93.00      100.00 ***        93.00     0       16.00    84 ***  *    94    1   jump
  1.00101.00  1.00 37.00  134  infeasible
  2.00101.00  2.00 37.00  135       70.00       93.00      100.00 ***        93.00     0       15.00    85 ***  *    94    1   jump
  1.00101.00  1.00 37.00  136  infeasible
  2.00101.00  2.00 37.00  137       70.00       93.00      100.00 ***        93.00     0       14.00    86 ***  *    94    1   jump
  1.00101.00  1.00 37.00  138  infeasible
  2.00101.00  2.00 37.00  139       70.00       93.00      100.00 ***        93.00     0       13.00    87 ***  *    94    1   jump
  1.00101.00  1.00 37.00  140  infeasible
  2.00101.00  2.00 37.00  141       70.00       93.00      100.00 ***        93.00     0       12.00    88 ***  *    94    1   jump
  1.00101.00  1.00 37.00  142  infeasible
  2.00101.00  2.00 37.00  143       70.00       93.00      100.00 ***        93.00     0       11.00    89 ***  *    94    1   jump
  1.00101.00  1.00 37.00  144  infeasible
  2.00101.00  2.00 37.00  145       70.00       93.00      100.00 ***        93.00     0       10.00    90 ***  *    94    1   jump
  1.00101.00  1.00 37.00  146  infeasible
  2.00101.00  2.00 37.00  147       70.00       93.00      100.00 ***        93.00     0        9.00    91 ***  *    94    1   jump
  1.00101.00  1.00 37.00  148  infeasible
  2.00101.00  2.00 37.00  149       70.00       93.00      100.00 ***        93.00     0        8.00    92 ***  *    94    1   jump
  1.00101.00  1.00 37.00  150  infeasible
  2.00101.00  2.00 37.00  151       70.00       93.00      100.00 ***        93.00     0        7.00    93 ***  *    94    1   jump
  1.00101.00  1.00 37.00  152  infeasible
  2.00101.00  2.00 37.00  153       70.00       93.00      100.00 ***        93.00     0        6.00    94 ***  *    94    1   jump
  1.00101.00  1.00 37.00  154  infeasible
  2.00101.00  2.00 37.00  155       70.00       93.00      100.00 ***        93.00     0        5.00    95 ***  *    94    1   jump
  1.00101.00  1.00 37.00  156  infeasible
  2.00101.00  2.00 37.00  157       70.00       93.00      100.00 ***        93.00     0        4.00    96 ***  *    94    1   jump
  1.00101.00  1.00 37.00  158  infeasible
  2.00101.00  2.00 37.00  159       70.00       93.00      100.00 ***        93.00     0        3.00    97 ***  *    94    1   jump
  1.00101.00  1.00 37.00  160  infeasible
  2.00101.00  2.00 37.00  161       70.00       93.00      100.00 ***        93.00     0        2.00    98 ***  *    94    1   jump
  1.00101.00  1.00 37.00  162  infeasible
  2.00101.00  2.00 37.00  163       70.00       93.00      100.00 ***        93.00     0        1.00    99 ***  *    94    1   jump
  1.00101.00  1.00 37.00  164  infeasible
  2.00101.00  2.00 37.00  165       70.00       93.00      100.00 ***        93.00     0        0.00   100 ***  *    94    1   jump
  1.00101.00  1.00 37.00  166  infeasible
  0.00101.00  0.00 37.00
Infeasibilities =    64
Elapsed time:      11.45 seconds
